{"C:\\Users\\YouCode\\Desktop\\SeriousProjects\\CotiZen\\Server\\api\\components\\appartements\\helper.js": {"path":"C:\\Users\\YouCode\\Desktop\\SeriousProjects\\CotiZen\\Server\\api\\components\\appartements\\helper.js","statementMap":{"0":{"start":{"line":1,"column":12},"end":{"line":1,"column":26}},"1":{"start":{"line":2,"column":17},"end":{"line":2,"column":36}},"2":{"start":{"line":3,"column":18},"end":{"line":3,"column":38}},"3":{"start":{"line":4,"column":16},"end":{"line":4,"column":45}},"4":{"start":{"line":6,"column":23},"end":{"line":15,"column":2}},"5":{"start":{"line":17,"column":24},"end":{"line":26,"column":2}},"6":{"start":{"line":28,"column":30},"end":{"line":38,"column":2}},"7":{"start":{"line":40,"column":38},"end":{"line":95,"column":1}},"8":{"start":{"line":41,"column":2},"end":{"line":94,"column":3}},"9":{"start":{"line":42,"column":24},"end":{"line":42,"column":34}},"10":{"start":{"line":43,"column":25},"end":{"line":47,"column":25}},"11":{"start":{"line":49,"column":37},"end":{"line":70,"column":6}},"12":{"start":{"line":72,"column":4},"end":{"line":88,"column":6}},"13":{"start":{"line":74,"column":24},"end":{"line":78,"column":10}},"14":{"start":{"line":79,"column":8},"end":{"line":79,"column":37}},"15":{"start":{"line":80,"column":8},"end":{"line":80,"column":29}},"16":{"start":{"line":82,"column":8},"end":{"line":86,"column":10}},"17":{"start":{"line":91,"column":4},"end":{"line":91,"column":55}},"18":{"start":{"line":93,"column":4},"end":{"line":93,"column":32}},"19":{"start":{"line":97,"column":0},"end":{"line":101,"column":2}}},"fnMap":{"0":{"name":"(anonymous_0)","decl":{"start":{"line":40,"column":38},"end":{"line":40,"column":39}},"loc":{"start":{"line":40,"column":50},"end":{"line":95,"column":1}},"line":40},"1":{"name":"(anonymous_1)","decl":{"start":{"line":73,"column":35},"end":{"line":73,"column":36}},"loc":{"start":{"line":73,"column":56},"end":{"line":87,"column":7}},"line":73}},"branchMap":{},"s":{"0":5,"1":5,"2":5,"3":5,"4":5,"5":5,"6":5,"7":5,"8":0,"9":0,"10":0,"11":0,"12":0,"13":0,"14":0,"15":0,"16":0,"17":0,"18":0,"19":5},"f":{"0":0,"1":0},"b":{},"_coverageSchema":"1a1c01bbd47fc00a2c39e90264f33305004495a9","hash":"cf7edbe4f25d2c13b66cb5875d24a290f924dfef"}
,"C:\\Users\\YouCode\\Desktop\\SeriousProjects\\CotiZen\\Server\\api\\components\\appartements\\models\\index.js": {"path":"C:\\Users\\YouCode\\Desktop\\SeriousProjects\\CotiZen\\Server\\api\\components\\appartements\\models\\index.js","statementMap":{"0":{"start":{"line":1,"column":17},"end":{"line":1,"column":36}},"1":{"start":{"line":3,"column":15},"end":{"line":3,"column":30}},"2":{"start":{"line":5,"column":23},"end":{"line":12,"column":2}},"3":{"start":{"line":14,"column":24},"end":{"line":39,"column":2}},"4":{"start":{"line":41,"column":0},"end":{"line":52,"column":3}},"5":{"start":{"line":42,"column":19},"end":{"line":44,"column":34}},"6":{"start":{"line":46,"column":21},"end":{"line":46,"column":68}},"7":{"start":{"line":46,"column":51},"end":{"line":46,"column":67}},"8":{"start":{"line":47,"column":2},"end":{"line":47,"column":75}},"9":{"start":{"line":49,"column":2},"end":{"line":49,"column":70}},"10":{"start":{"line":51,"column":2},"end":{"line":51,"column":9}},"11":{"start":{"line":54,"column":0},"end":{"line":54,"column":62}}},"fnMap":{"0":{"name":"(anonymous_0)","decl":{"start":{"line":41,"column":30},"end":{"line":41,"column":31}},"loc":{"start":{"line":41,"column":52},"end":{"line":52,"column":1}},"line":41},"1":{"name":"(anonymous_1)","decl":{"start":{"line":46,"column":38},"end":{"line":46,"column":39}},"loc":{"start":{"line":46,"column":51},"end":{"line":46,"column":67}},"line":46}},"branchMap":{},"s":{"0":5,"1":5,"2":5,"3":5,"4":5,"5":0,"6":0,"7":0,"8":0,"9":0,"10":0,"11":5},"f":{"0":0,"1":0},"b":{},"_coverageSchema":"1a1c01bbd47fc00a2c39e90264f33305004495a9","hash":"caee890fad60b8d2a5c23c3dd8b1e3383cccd73c"}
,"C:\\Users\\YouCode\\Desktop\\SeriousProjects\\CotiZen\\Server\\api\\components\\appartements\\routes\\index.js": {"path":"C:\\Users\\YouCode\\Desktop\\SeriousProjects\\CotiZen\\Server\\api\\components\\appartements\\routes\\index.js","statementMap":{"0":{"start":{"line":1,"column":26},"end":{"line":1,"column":57}},"1":{"start":{"line":2,"column":29},"end":{"line":2,"column":51}},"2":{"start":{"line":3,"column":15},"end":{"line":3,"column":42}},"3":{"start":{"line":5,"column":0},"end":{"line":5,"column":56}},"4":{"start":{"line":6,"column":0},"end":{"line":6,"column":66}},"5":{"start":{"line":7,"column":0},"end":{"line":7,"column":57}},"6":{"start":{"line":8,"column":0},"end":{"line":8,"column":68}},"7":{"start":{"line":9,"column":0},"end":{"line":9,"column":70}},"8":{"start":{"line":10,"column":0},"end":{"line":10,"column":64}},"9":{"start":{"line":11,"column":0},"end":{"line":15,"column":2}},"10":{"start":{"line":17,"column":0},"end":{"line":17,"column":24}}},"fnMap":{},"branchMap":{},"s":{"0":5,"1":5,"2":5,"3":5,"4":5,"5":5,"6":5,"7":5,"8":5,"9":5,"10":5},"f":{},"b":{},"_coverageSchema":"1a1c01bbd47fc00a2c39e90264f33305004495a9","hash":"d4c8975a56bb2f4e1b42aa47c74e609c596b2271"}
,"C:\\Users\\YouCode\\Desktop\\SeriousProjects\\CotiZen\\Server\\api\\components\\appartements\\services\\AppartmentService.js": {"path":"C:\\Users\\YouCode\\Desktop\\SeriousProjects\\CotiZen\\Server\\api\\components\\appartements\\services\\AppartmentService.js","statementMap":{"0":{"start":{"line":1,"column":18},"end":{"line":1,"column":38}},"1":{"start":{"line":2,"column":16},"end":{"line":2,"column":48}},"2":{"start":{"line":3,"column":16},"end":{"line":3,"column":48}},"3":{"start":{"line":7,"column":4},"end":{"line":7,"column":24}},"4":{"start":{"line":9,"column":15},"end":{"line":59,"column":1}},"5":{"start":{"line":10,"column":15},"end":{"line":10,"column":44}},"6":{"start":{"line":11,"column":17},"end":{"line":11,"column":39}},"7":{"start":{"line":12,"column":17},"end":{"line":12,"column":39}},"8":{"start":{"line":14,"column":2},"end":{"line":58,"column":3}},"9":{"start":{"line":15,"column":18},"end":{"line":15,"column":20}},"10":{"start":{"line":16,"column":17},"end":{"line":16,"column":35}},"11":{"start":{"line":18,"column":18},"end":{"line":18,"column":20}},"12":{"start":{"line":19,"column":4},"end":{"line":21,"column":5}},"13":{"start":{"line":20,"column":6},"end":{"line":20,"column":55}},"14":{"start":{"line":22,"column":4},"end":{"line":24,"column":5}},"15":{"start":{"line":23,"column":6},"end":{"line":23,"column":28}},"16":{"start":{"line":25,"column":23},"end":{"line":36,"column":13}},"17":{"start":{"line":38,"column":46},"end":{"line":50,"column":5}},"18":{"start":{"line":40,"column":31},"end":{"line":43,"column":10}},"19":{"start":{"line":45,"column":8},"end":{"line":48,"column":10}},"20":{"start":{"line":52,"column":4},"end":{"line":54,"column":63}},"21":{"start":{"line":56,"column":4},"end":{"line":56,"column":25}},"22":{"start":{"line":57,"column":4},"end":{"line":57,"column":77}},"23":{"start":{"line":61,"column":22},"end":{"line":70,"column":1}},"24":{"start":{"line":62,"column":21},"end":{"line":68,"column":4}},"25":{"start":{"line":69,"column":2},"end":{"line":69,"column":36}},"26":{"start":{"line":72,"column":15},"end":{"line":104,"column":1}},"27":{"start":{"line":73,"column":17},"end":{"line":75,"column":4}},"28":{"start":{"line":77,"column":2},"end":{"line":79,"column":3}},"29":{"start":{"line":78,"column":4},"end":{"line":78,"column":59}},"30":{"start":{"line":81,"column":54},"end":{"line":81,"column":62}},"31":{"start":{"line":83,"column":2},"end":{"line":103,"column":3}},"32":{"start":{"line":84,"column":25},"end":{"line":89,"column":6}},"33":{"start":{"line":91,"column":4},"end":{"line":91,"column":30}},"34":{"start":{"line":93,"column":4},"end":{"line":98,"column":7}},"35":{"start":{"line":100,"column":4},"end":{"line":102,"column":7}},"36":{"start":{"line":168,"column":15},"end":{"line":228,"column":1}},"37":{"start":{"line":169,"column":28},"end":{"line":169,"column":38}},"38":{"start":{"line":170,"column":21},"end":{"line":170,"column":29}},"39":{"start":{"line":172,"column":2},"end":{"line":227,"column":3}},"40":{"start":{"line":173,"column":19},"end":{"line":175,"column":6}},"41":{"start":{"line":176,"column":4},"end":{"line":176,"column":58}},"42":{"start":{"line":176,"column":22},"end":{"line":176,"column":58}},"43":{"start":{"line":178,"column":22},"end":{"line":178,"column":50}},"44":{"start":{"line":179,"column":4},"end":{"line":181,"column":5}},"45":{"start":{"line":180,"column":6},"end":{"line":180,"column":70}},"46":{"start":{"line":183,"column":28},"end":{"line":183,"column":65}},"47":{"start":{"line":184,"column":23},"end":{"line":184,"column":68}},"48":{"start":{"line":186,"column":4},"end":{"line":207,"column":5}},"49":{"start":{"line":187,"column":6},"end":{"line":189,"column":7}},"50":{"start":{"line":188,"column":8},"end":{"line":188,"column":75}},"51":{"start":{"line":190,"column":11},"end":{"line":207,"column":5}},"52":{"start":{"line":194,"column":6},"end":{"line":196,"column":7}},"53":{"start":{"line":195,"column":8},"end":{"line":195,"column":75}},"54":{"start":{"line":198,"column":6},"end":{"line":198,"column":59}},"55":{"start":{"line":199,"column":11},"end":{"line":207,"column":5}},"56":{"start":{"line":203,"column":6},"end":{"line":206,"column":8}},"57":{"start":{"line":209,"column":4},"end":{"line":209,"column":31}},"58":{"start":{"line":210,"column":4},"end":{"line":210,"column":39}},"59":{"start":{"line":212,"column":4},"end":{"line":212,"column":41}},"60":{"start":{"line":214,"column":4},"end":{"line":214,"column":27}},"61":{"start":{"line":217,"column":4},"end":{"line":223,"column":7}},"62":{"start":{"line":225,"column":4},"end":{"line":225,"column":25}},"63":{"start":{"line":226,"column":4},"end":{"line":226,"column":74}},"64":{"start":{"line":230,"column":16},"end":{"line":244,"column":1}},"65":{"start":{"line":231,"column":28},"end":{"line":231,"column":38}},"66":{"start":{"line":233,"column":2},"end":{"line":243,"column":3}},"67":{"start":{"line":234,"column":29},"end":{"line":234,"column":66}},"68":{"start":{"line":235,"column":4},"end":{"line":237,"column":5}},"69":{"start":{"line":236,"column":6},"end":{"line":236,"column":70}},"70":{"start":{"line":239,"column":4},"end":{"line":239,"column":80}},"71":{"start":{"line":241,"column":4},"end":{"line":241,"column":25}},"72":{"start":{"line":242,"column":4},"end":{"line":242,"column":74}},"73":{"start":{"line":246,"column":13},"end":{"line":261,"column":1}},"74":{"start":{"line":247,"column":28},"end":{"line":247,"column":38}},"75":{"start":{"line":249,"column":2},"end":{"line":260,"column":3}},"76":{"start":{"line":250,"column":22},"end":{"line":250,"column":50}},"77":{"start":{"line":252,"column":4},"end":{"line":254,"column":5}},"78":{"start":{"line":253,"column":6},"end":{"line":253,"column":70}},"79":{"start":{"line":256,"column":4},"end":{"line":256,"column":47}},"80":{"start":{"line":258,"column":4},"end":{"line":258,"column":25}},"81":{"start":{"line":259,"column":4},"end":{"line":259,"column":76}},"82":{"start":{"line":263,"column":30},"end":{"line":307,"column":1}},"83":{"start":{"line":264,"column":21},"end":{"line":264,"column":29}},"84":{"start":{"line":266,"column":2},"end":{"line":267,"column":73}},"85":{"start":{"line":267,"column":4},"end":{"line":267,"column":73}},"86":{"start":{"line":269,"column":28},"end":{"line":269,"column":38}},"87":{"start":{"line":271,"column":2},"end":{"line":306,"column":3}},"88":{"start":{"line":272,"column":22},"end":{"line":272,"column":50}},"89":{"start":{"line":274,"column":4},"end":{"line":276,"column":5}},"90":{"start":{"line":275,"column":6},"end":{"line":275,"column":70}},"91":{"start":{"line":278,"column":4},"end":{"line":300,"column":5}},"92":{"start":{"line":280,"column":8},"end":{"line":280,"column":73}},"93":{"start":{"line":281,"column":6},"end":{"line":281,"column":32}},"94":{"start":{"line":282,"column":6},"end":{"line":282,"column":67}},"95":{"start":{"line":282,"column":33},"end":{"line":282,"column":67}},"96":{"start":{"line":283,"column":6},"end":{"line":283,"column":32}},"97":{"start":{"line":284,"column":11},"end":{"line":300,"column":5}},"98":{"start":{"line":285,"column":6},"end":{"line":289,"column":37}},"99":{"start":{"line":286,"column":8},"end":{"line":288,"column":70}},"100":{"start":{"line":289,"column":11},"end":{"line":289,"column":37}},"101":{"start":{"line":290,"column":11},"end":{"line":300,"column":5}},"102":{"start":{"line":291,"column":6},"end":{"line":299,"column":7}},"103":{"start":{"line":292,"column":8},"end":{"line":294,"column":68}},"104":{"start":{"line":296,"column":29},"end":{"line":296,"column":37}},"105":{"start":{"line":297,"column":8},"end":{"line":297,"column":50}},"106":{"start":{"line":298,"column":8},"end":{"line":298,"column":34}},"107":{"start":{"line":301,"column":4},"end":{"line":301,"column":27}},"108":{"start":{"line":302,"column":4},"end":{"line":302,"column":47}},"109":{"start":{"line":304,"column":4},"end":{"line":304,"column":25}},"110":{"start":{"line":305,"column":4},"end":{"line":305,"column":76}},"111":{"start":{"line":309,"column":0},"end":{"line":317,"column":2}}},"fnMap":{"0":{"name":"(anonymous_0)","decl":{"start":{"line":9,"column":15},"end":{"line":9,"column":16}},"loc":{"start":{"line":9,"column":35},"end":{"line":59,"column":1}},"line":9},"1":{"name":"(anonymous_1)","decl":{"start":{"line":39,"column":21},"end":{"line":39,"column":22}},"loc":{"start":{"line":39,"column":42},"end":{"line":49,"column":7}},"line":39},"2":{"name":"(anonymous_2)","decl":{"start":{"line":61,"column":22},"end":{"line":61,"column":23}},"loc":{"start":{"line":61,"column":41},"end":{"line":70,"column":1}},"line":61},"3":{"name":"(anonymous_3)","decl":{"start":{"line":72,"column":15},"end":{"line":72,"column":16}},"loc":{"start":{"line":72,"column":35},"end":{"line":104,"column":1}},"line":72},"4":{"name":"(anonymous_4)","decl":{"start":{"line":168,"column":15},"end":{"line":168,"column":16}},"loc":{"start":{"line":168,"column":35},"end":{"line":228,"column":1}},"line":168},"5":{"name":"(anonymous_5)","decl":{"start":{"line":230,"column":16},"end":{"line":230,"column":17}},"loc":{"start":{"line":230,"column":36},"end":{"line":244,"column":1}},"line":230},"6":{"name":"(anonymous_6)","decl":{"start":{"line":246,"column":13},"end":{"line":246,"column":14}},"loc":{"start":{"line":246,"column":33},"end":{"line":261,"column":1}},"line":246},"7":{"name":"(anonymous_7)","decl":{"start":{"line":263,"column":30},"end":{"line":263,"column":31}},"loc":{"start":{"line":263,"column":50},"end":{"line":307,"column":1}},"line":263}},"branchMap":{"0":{"loc":{"start":{"line":10,"column":15},"end":{"line":10,"column":44}},"type":"binary-expr","locations":[{"start":{"line":10,"column":15},"end":{"line":10,"column":39}},{"start":{"line":10,"column":43},"end":{"line":10,"column":44}}],"line":10},"1":{"loc":{"start":{"line":11,"column":17},"end":{"line":11,"column":39}},"type":"binary-expr","locations":[{"start":{"line":11,"column":17},"end":{"line":11,"column":33}},{"start":{"line":11,"column":37},"end":{"line":11,"column":39}}],"line":11},"2":{"loc":{"start":{"line":12,"column":17},"end":{"line":12,"column":39}},"type":"binary-expr","locations":[{"start":{"line":12,"column":17},"end":{"line":12,"column":33}},{"start":{"line":12,"column":37},"end":{"line":12,"column":39}}],"line":12},"3":{"loc":{"start":{"line":19,"column":4},"end":{"line":21,"column":5}},"type":"if","locations":[{"start":{"line":19,"column":4},"end":{"line":21,"column":5}},{"start":{},"end":{}}],"line":19},"4":{"loc":{"start":{"line":22,"column":4},"end":{"line":24,"column":5}},"type":"if","locations":[{"start":{"line":22,"column":4},"end":{"line":24,"column":5}},{"start":{},"end":{}}],"line":22},"5":{"loc":{"start":{"line":77,"column":2},"end":{"line":79,"column":3}},"type":"if","locations":[{"start":{"line":77,"column":2},"end":{"line":79,"column":3}},{"start":{},"end":{}}],"line":77},"6":{"loc":{"start":{"line":176,"column":4},"end":{"line":176,"column":58}},"type":"if","locations":[{"start":{"line":176,"column":4},"end":{"line":176,"column":58}},{"start":{},"end":{}}],"line":176},"7":{"loc":{"start":{"line":179,"column":4},"end":{"line":181,"column":5}},"type":"if","locations":[{"start":{"line":179,"column":4},"end":{"line":181,"column":5}},{"start":{},"end":{}}],"line":179},"8":{"loc":{"start":{"line":186,"column":4},"end":{"line":207,"column":5}},"type":"if","locations":[{"start":{"line":186,"column":4},"end":{"line":207,"column":5}},{"start":{"line":190,"column":11},"end":{"line":207,"column":5}}],"line":186},"9":{"loc":{"start":{"line":186,"column":8},"end":{"line":186,"column":75}},"type":"binary-expr","locations":[{"start":{"line":186,"column":8},"end":{"line":186,"column":40}},{"start":{"line":186,"column":44},"end":{"line":186,"column":75}}],"line":186},"10":{"loc":{"start":{"line":187,"column":6},"end":{"line":189,"column":7}},"type":"if","locations":[{"start":{"line":187,"column":6},"end":{"line":189,"column":7}},{"start":{},"end":{}}],"line":187},"11":{"loc":{"start":{"line":187,"column":10},"end":{"line":187,"column":47}},"type":"binary-expr","locations":[{"start":{"line":187,"column":10},"end":{"line":187,"column":22}},{"start":{"line":187,"column":26},"end":{"line":187,"column":47}}],"line":187},"12":{"loc":{"start":{"line":190,"column":11},"end":{"line":207,"column":5}},"type":"if","locations":[{"start":{"line":190,"column":11},"end":{"line":207,"column":5}},{"start":{"line":199,"column":11},"end":{"line":207,"column":5}}],"line":190},"13":{"loc":{"start":{"line":191,"column":6},"end":{"line":192,"column":37}},"type":"binary-expr","locations":[{"start":{"line":191,"column":6},"end":{"line":191,"column":38}},{"start":{"line":192,"column":6},"end":{"line":192,"column":37}}],"line":191},"14":{"loc":{"start":{"line":194,"column":6},"end":{"line":196,"column":7}},"type":"if","locations":[{"start":{"line":194,"column":6},"end":{"line":196,"column":7}},{"start":{},"end":{}}],"line":194},"15":{"loc":{"start":{"line":194,"column":10},"end":{"line":194,"column":47}},"type":"binary-expr","locations":[{"start":{"line":194,"column":10},"end":{"line":194,"column":22}},{"start":{"line":194,"column":26},"end":{"line":194,"column":47}}],"line":194},"16":{"loc":{"start":{"line":199,"column":11},"end":{"line":207,"column":5}},"type":"if","locations":[{"start":{"line":199,"column":11},"end":{"line":207,"column":5}},{"start":{},"end":{}}],"line":199},"17":{"loc":{"start":{"line":200,"column":6},"end":{"line":201,"column":37}},"type":"binary-expr","locations":[{"start":{"line":200,"column":6},"end":{"line":200,"column":38}},{"start":{"line":201,"column":6},"end":{"line":201,"column":37}}],"line":200},"18":{"loc":{"start":{"line":235,"column":4},"end":{"line":237,"column":5}},"type":"if","locations":[{"start":{"line":235,"column":4},"end":{"line":237,"column":5}},{"start":{},"end":{}}],"line":235},"19":{"loc":{"start":{"line":252,"column":4},"end":{"line":254,"column":5}},"type":"if","locations":[{"start":{"line":252,"column":4},"end":{"line":254,"column":5}},{"start":{},"end":{}}],"line":252},"20":{"loc":{"start":{"line":266,"column":2},"end":{"line":267,"column":73}},"type":"if","locations":[{"start":{"line":266,"column":2},"end":{"line":267,"column":73}},{"start":{},"end":{}}],"line":266},"21":{"loc":{"start":{"line":274,"column":4},"end":{"line":276,"column":5}},"type":"if","locations":[{"start":{"line":274,"column":4},"end":{"line":276,"column":5}},{"start":{},"end":{}}],"line":274},"22":{"loc":{"start":{"line":278,"column":4},"end":{"line":300,"column":5}},"type":"if","locations":[{"start":{"line":278,"column":4},"end":{"line":300,"column":5}},{"start":{"line":284,"column":11},"end":{"line":300,"column":5}}],"line":278},"23":{"loc":{"start":{"line":282,"column":6},"end":{"line":282,"column":67}},"type":"if","locations":[{"start":{"line":282,"column":6},"end":{"line":282,"column":67}},{"start":{},"end":{}}],"line":282},"24":{"loc":{"start":{"line":284,"column":11},"end":{"line":300,"column":5}},"type":"if","locations":[{"start":{"line":284,"column":11},"end":{"line":300,"column":5}},{"start":{"line":290,"column":11},"end":{"line":300,"column":5}}],"line":284},"25":{"loc":{"start":{"line":285,"column":6},"end":{"line":289,"column":37}},"type":"if","locations":[{"start":{"line":285,"column":6},"end":{"line":289,"column":37}},{"start":{"line":289,"column":11},"end":{"line":289,"column":37}}],"line":285},"26":{"loc":{"start":{"line":290,"column":11},"end":{"line":300,"column":5}},"type":"if","locations":[{"start":{"line":290,"column":11},"end":{"line":300,"column":5}},{"start":{},"end":{}}],"line":290},"27":{"loc":{"start":{"line":291,"column":6},"end":{"line":299,"column":7}},"type":"if","locations":[{"start":{"line":291,"column":6},"end":{"line":299,"column":7}},{"start":{"line":295,"column":11},"end":{"line":299,"column":7}}],"line":291}},"s":{"0":5,"1":5,"2":5,"3":5,"4":5,"5":0,"6":0,"7":0,"8":0,"9":0,"10":0,"11":0,"12":0,"13":0,"14":0,"15":0,"16":0,"17":0,"18":0,"19":0,"20":0,"21":0,"22":0,"23":5,"24":0,"25":0,"26":5,"27":2,"28":2,"29":1,"30":1,"31":1,"32":1,"33":1,"34":1,"35":0,"36":5,"37":1,"38":1,"39":1,"40":1,"41":1,"42":1,"43":0,"44":0,"45":0,"46":0,"47":0,"48":0,"49":0,"50":0,"51":0,"52":0,"53":0,"54":0,"55":0,"56":0,"57":0,"58":0,"59":0,"60":0,"61":0,"62":0,"63":0,"64":5,"65":3,"66":3,"67":3,"68":3,"69":2,"70":1,"71":0,"72":0,"73":5,"74":2,"75":2,"76":2,"77":2,"78":1,"79":1,"80":0,"81":0,"82":5,"83":0,"84":0,"85":0,"86":0,"87":0,"88":0,"89":0,"90":0,"91":0,"92":0,"93":0,"94":0,"95":0,"96":0,"97":0,"98":0,"99":0,"100":0,"101":0,"102":0,"103":0,"104":0,"105":0,"106":0,"107":0,"108":0,"109":0,"110":0,"111":5},"f":{"0":0,"1":0,"2":0,"3":2,"4":1,"5":3,"6":2,"7":0},"b":{"0":[0,0],"1":[0,0],"2":[0,0],"3":[0,0],"4":[0,0],"5":[1,1],"6":[1,0],"7":[0,0],"8":[0,0],"9":[0,0],"10":[0,0],"11":[0,0],"12":[0,0],"13":[0,0],"14":[0,0],"15":[0,0],"16":[0,0],"17":[0,0],"18":[2,1],"19":[1,1],"20":[0,0],"21":[0,0],"22":[0,0],"23":[0,0],"24":[0,0],"25":[0,0],"26":[0,0],"27":[0,0]},"_coverageSchema":"1a1c01bbd47fc00a2c39e90264f33305004495a9","hash":"0312c3f9de80fff79b3354cfcdbf7a36e3ee5804"}
,"C:\\Users\\YouCode\\Desktop\\SeriousProjects\\CotiZen\\Server\\api\\components\\appartements\\services\\index.js": {"path":"C:\\Users\\YouCode\\Desktop\\SeriousProjects\\CotiZen\\Server\\api\\components\\appartements\\services\\index.js","statementMap":{"0":{"start":{"line":1,"column":25},"end":{"line":1,"column":55}},"1":{"start":{"line":3,"column":0},"end":{"line":5,"column":2}}},"fnMap":{},"branchMap":{},"s":{"0":5,"1":5},"f":{},"b":{},"_coverageSchema":"1a1c01bbd47fc00a2c39e90264f33305004495a9","hash":"cf793446af992424b2fe223d740ca7dff73f5741"}
,"C:\\Users\\YouCode\\Desktop\\SeriousProjects\\CotiZen\\Server\\api\\components\\invoices\\models\\index.js": {"path":"C:\\Users\\YouCode\\Desktop\\SeriousProjects\\CotiZen\\Server\\api\\components\\invoices\\models\\index.js","statementMap":{"0":{"start":{"line":1,"column":17},"end":{"line":1,"column":36}},"1":{"start":{"line":2,"column":15},"end":{"line":2,"column":30}},"2":{"start":{"line":4,"column":22},"end":{"line":24,"column":2}},"3":{"start":{"line":26,"column":0},"end":{"line":30,"column":3}},"4":{"start":{"line":27,"column":2},"end":{"line":27,"column":78}},"5":{"start":{"line":29,"column":2},"end":{"line":29,"column":9}},"6":{"start":{"line":32,"column":16},"end":{"line":32,"column":56}},"7":{"start":{"line":34,"column":0},"end":{"line":34,"column":25}}},"fnMap":{"0":{"name":"(anonymous_0)","decl":{"start":{"line":26,"column":28},"end":{"line":26,"column":29}},"loc":{"start":{"line":26,"column":50},"end":{"line":30,"column":1}},"line":26}},"branchMap":{},"s":{"0":7,"1":7,"2":7,"3":7,"4":0,"5":0,"6":7,"7":7},"f":{"0":0},"b":{},"_coverageSchema":"1a1c01bbd47fc00a2c39e90264f33305004495a9","hash":"3035cc661d3f09e5c322321a302e1d42e6eb7639"}
,"C:\\Users\\YouCode\\Desktop\\SeriousProjects\\CotiZen\\Server\\api\\components\\payments\\models\\index.js": {"path":"C:\\Users\\YouCode\\Desktop\\SeriousProjects\\CotiZen\\Server\\api\\components\\payments\\models\\index.js","statementMap":{"0":{"start":{"line":1,"column":17},"end":{"line":1,"column":36}},"1":{"start":{"line":2,"column":15},"end":{"line":2,"column":30}},"2":{"start":{"line":4,"column":22},"end":{"line":12,"column":2}},"3":{"start":{"line":14,"column":16},"end":{"line":14,"column":56}},"4":{"start":{"line":16,"column":0},"end":{"line":16,"column":25}}},"fnMap":{},"branchMap":{},"s":{"0":5,"1":5,"2":5,"3":5,"4":5},"f":{},"b":{},"_coverageSchema":"1a1c01bbd47fc00a2c39e90264f33305004495a9","hash":"ecee053d5895c99ee28f311f9696060cb9548f5d"}
,"C:\\Users\\YouCode\\Desktop\\SeriousProjects\\CotiZen\\Server\\api\\components\\users\\models\\index.js": {"path":"C:\\Users\\YouCode\\Desktop\\SeriousProjects\\CotiZen\\Server\\api\\components\\users\\models\\index.js","statementMap":{"0":{"start":{"line":1,"column":17},"end":{"line":1,"column":36}},"1":{"start":{"line":2,"column":15},"end":{"line":2,"column":34}},"2":{"start":{"line":4,"column":19},"end":{"line":18,"column":2}},"3":{"start":{"line":20,"column":0},"end":{"line":24,"column":2}},"4":{"start":{"line":21,"column":21},"end":{"line":21,"column":23}},"5":{"start":{"line":22,"column":15},"end":{"line":22,"column":47}},"6":{"start":{"line":23,"column":2},"end":{"line":23,"column":57}},"7":{"start":{"line":26,"column":0},"end":{"line":28,"column":3}},"8":{"start":{"line":27,"column":2},"end":{"line":27,"column":28}},"9":{"start":{"line":30,"column":13},"end":{"line":30,"column":47}},"10":{"start":{"line":31,"column":0},"end":{"line":31,"column":22}}},"fnMap":{"0":{"name":"(anonymous_0)","decl":{"start":{"line":20,"column":34},"end":{"line":20,"column":35}},"loc":{"start":{"line":20,"column":52},"end":{"line":24,"column":1}},"line":20},"1":{"name":"(anonymous_1)","decl":{"start":{"line":26,"column":23},"end":{"line":26,"column":24}},"loc":{"start":{"line":26,"column":41},"end":{"line":28,"column":1}},"line":26}},"branchMap":{},"s":{"0":2,"1":2,"2":2,"3":2,"4":0,"5":0,"6":0,"7":2,"8":0,"9":2,"10":2},"f":{"0":0,"1":0},"b":{},"_coverageSchema":"1a1c01bbd47fc00a2c39e90264f33305004495a9","hash":"8c0b1c74837607651e869c82e03c2398043182fa"}
,"C:\\Users\\YouCode\\Desktop\\SeriousProjects\\CotiZen\\Server\\api\\components\\users\\routes\\index.js": {"path":"C:\\Users\\YouCode\\Desktop\\SeriousProjects\\CotiZen\\Server\\api\\components\\users\\routes\\index.js","statementMap":{"0":{"start":{"line":1,"column":26},"end":{"line":1,"column":57}},"1":{"start":{"line":2,"column":25},"end":{"line":2,"column":47}},"2":{"start":{"line":3,"column":15},"end":{"line":3,"column":42}},"3":{"start":{"line":5,"column":0},"end":{"line":5,"column":47}},"4":{"start":{"line":6,"column":0},"end":{"line":6,"column":54}},"5":{"start":{"line":7,"column":0},"end":{"line":7,"column":62}},"6":{"start":{"line":9,"column":0},"end":{"line":9,"column":23}}},"fnMap":{},"branchMap":{},"s":{"0":2,"1":2,"2":2,"3":2,"4":2,"5":2,"6":2},"f":{},"b":{},"_coverageSchema":"1a1c01bbd47fc00a2c39e90264f33305004495a9","hash":"b5122d7e17394b9a162afc3fb671f5be409c3817"}
,"C:\\Users\\YouCode\\Desktop\\SeriousProjects\\CotiZen\\Server\\api\\components\\users\\services\\authService.js": {"path":"C:\\Users\\YouCode\\Desktop\\SeriousProjects\\CotiZen\\Server\\api\\components\\users\\services\\authService.js","statementMap":{"0":{"start":{"line":1,"column":13},"end":{"line":1,"column":33}},"1":{"start":{"line":2,"column":15},"end":{"line":2,"column":34}},"2":{"start":{"line":3,"column":12},"end":{"line":3,"column":35}},"3":{"start":{"line":5,"column":14},"end":{"line":52,"column":1}},"4":{"start":{"line":6,"column":30},"end":{"line":6,"column":38}},"5":{"start":{"line":7,"column":2},"end":{"line":8,"column":72}},"6":{"start":{"line":8,"column":4},"end":{"line":8,"column":72}},"7":{"start":{"line":9,"column":15},"end":{"line":9,"column":44}},"8":{"start":{"line":10,"column":2},"end":{"line":13,"column":86}},"9":{"start":{"line":11,"column":4},"end":{"line":13,"column":86}},"10":{"start":{"line":15,"column":22},"end":{"line":15,"column":67}},"11":{"start":{"line":17,"column":2},"end":{"line":26,"column":3}},"12":{"start":{"line":18,"column":4},"end":{"line":25,"column":9}},"13":{"start":{"line":27,"column":18},"end":{"line":31,"column":3}},"14":{"start":{"line":32,"column":23},"end":{"line":34,"column":4}},"15":{"start":{"line":35,"column":16},"end":{"line":37,"column":4}},"16":{"start":{"line":38,"column":2},"end":{"line":42,"column":5}},"17":{"start":{"line":43,"column":2},"end":{"line":48,"column":5}},"18":{"start":{"line":49,"column":2},"end":{"line":51,"column":5}},"19":{"start":{"line":54,"column":11},"end":{"line":56,"column":1}},"20":{"start":{"line":55,"column":4},"end":{"line":55,"column":53}},"21":{"start":{"line":58,"column":15},"end":{"line":62,"column":3}},"22":{"start":{"line":59,"column":4},"end":{"line":59,"column":34}},"23":{"start":{"line":60,"column":4},"end":{"line":60,"column":35}},"24":{"start":{"line":61,"column":4},"end":{"line":61,"column":86}},"25":{"start":{"line":63,"column":0},"end":{"line":67,"column":2}}},"fnMap":{"0":{"name":"(anonymous_0)","decl":{"start":{"line":5,"column":14},"end":{"line":5,"column":15}},"loc":{"start":{"line":5,"column":34},"end":{"line":52,"column":1}},"line":5},"1":{"name":"(anonymous_1)","decl":{"start":{"line":54,"column":11},"end":{"line":54,"column":12}},"loc":{"start":{"line":54,"column":24},"end":{"line":56,"column":1}},"line":54},"2":{"name":"(anonymous_2)","decl":{"start":{"line":58,"column":15},"end":{"line":58,"column":16}},"loc":{"start":{"line":58,"column":28},"end":{"line":62,"column":3}},"line":58}},"branchMap":{"0":{"loc":{"start":{"line":7,"column":2},"end":{"line":8,"column":72}},"type":"if","locations":[{"start":{"line":7,"column":2},"end":{"line":8,"column":72}},{"start":{},"end":{}}],"line":7},"1":{"loc":{"start":{"line":7,"column":6},"end":{"line":7,"column":25}},"type":"binary-expr","locations":[{"start":{"line":7,"column":6},"end":{"line":7,"column":12}},{"start":{"line":7,"column":16},"end":{"line":7,"column":25}}],"line":7},"2":{"loc":{"start":{"line":10,"column":2},"end":{"line":13,"column":86}},"type":"if","locations":[{"start":{"line":10,"column":2},"end":{"line":13,"column":86}},{"start":{},"end":{}}],"line":10},"3":{"loc":{"start":{"line":17,"column":2},"end":{"line":26,"column":3}},"type":"if","locations":[{"start":{"line":17,"column":2},"end":{"line":26,"column":3}},{"start":{},"end":{}}],"line":17}},"s":{"0":2,"1":2,"2":2,"3":2,"4":4,"5":4,"6":1,"7":3,"8":3,"9":1,"10":2,"11":2,"12":1,"13":1,"14":1,"15":1,"16":1,"17":1,"18":1,"19":2,"20":1,"21":2,"22":0,"23":0,"24":0,"25":2},"f":{"0":4,"1":1,"2":0},"b":{"0":[1,3],"1":[4,3],"2":[1,2],"3":[1,1]},"_coverageSchema":"1a1c01bbd47fc00a2c39e90264f33305004495a9","hash":"dfbcfc495e5c8291be440eca9fffa34dbbbb0717"}
,"C:\\Users\\YouCode\\Desktop\\SeriousProjects\\CotiZen\\Server\\api\\components\\users\\services\\index.js": {"path":"C:\\Users\\YouCode\\Desktop\\SeriousProjects\\CotiZen\\Server\\api\\components\\users\\services\\index.js","statementMap":{"0":{"start":{"line":1,"column":21},"end":{"line":1,"column":45}},"1":{"start":{"line":3,"column":0},"end":{"line":5,"column":1}}},"fnMap":{},"branchMap":{},"s":{"0":2,"1":2},"f":{},"b":{},"_coverageSchema":"1a1c01bbd47fc00a2c39e90264f33305004495a9","hash":"6f56d6b5e8ef0c0d869fab9f3551311ba0deb3ee"}
,"C:\\Users\\YouCode\\Desktop\\SeriousProjects\\CotiZen\\Server\\api\\middlewares\\auth.js": {"path":"C:\\Users\\YouCode\\Desktop\\SeriousProjects\\CotiZen\\Server\\api\\middlewares\\auth.js","statementMap":{"0":{"start":{"line":1,"column":12},"end":{"line":1,"column":35}},"1":{"start":{"line":3,"column":22},"end":{"line":50,"column":1}},"2":{"start":{"line":4,"column":22},"end":{"line":4,"column":48}},"3":{"start":{"line":5,"column":23},"end":{"line":5,"column":50}},"4":{"start":{"line":7,"column":2},"end":{"line":9,"column":3}},"5":{"start":{"line":8,"column":4},"end":{"line":8,"column":62}},"6":{"start":{"line":11,"column":2},"end":{"line":49,"column":3}},"7":{"start":{"line":14,"column":4},"end":{"line":22,"column":5}},"8":{"start":{"line":15,"column":6},"end":{"line":19,"column":7}},"9":{"start":{"line":16,"column":8},"end":{"line":16,"column":63}},"10":{"start":{"line":18,"column":8},"end":{"line":18,"column":65}},"11":{"start":{"line":21,"column":6},"end":{"line":21,"column":63}},"12":{"start":{"line":28,"column":8},"end":{"line":28,"column":12}},"13":{"start":{"line":29,"column":27},"end":{"line":37,"column":5}},"14":{"start":{"line":39,"column":4},"end":{"line":43,"column":7}},"15":{"start":{"line":45,"column":4},"end":{"line":45,"column":20}},"16":{"start":{"line":46,"column":4},"end":{"line":46,"column":18}},"17":{"start":{"line":48,"column":4},"end":{"line":48,"column":74}},"18":{"start":{"line":52,"column":0},"end":{"line":52,"column":31}}},"fnMap":{"0":{"name":"(anonymous_0)","decl":{"start":{"line":3,"column":22},"end":{"line":3,"column":23}},"loc":{"start":{"line":3,"column":42},"end":{"line":50,"column":1}},"line":3}},"branchMap":{"0":{"loc":{"start":{"line":7,"column":2},"end":{"line":9,"column":3}},"type":"if","locations":[{"start":{"line":7,"column":2},"end":{"line":9,"column":3}},{"start":{},"end":{}}],"line":7},"1":{"loc":{"start":{"line":7,"column":6},"end":{"line":7,"column":35}},"type":"binary-expr","locations":[{"start":{"line":7,"column":6},"end":{"line":7,"column":18}},{"start":{"line":7,"column":22},"end":{"line":7,"column":35}}],"line":7},"2":{"loc":{"start":{"line":14,"column":4},"end":{"line":22,"column":5}},"type":"if","locations":[{"start":{"line":14,"column":4},"end":{"line":22,"column":5}},{"start":{"line":20,"column":11},"end":{"line":22,"column":5}}],"line":14}},"s":{"0":7,"1":7,"2":21,"3":21,"4":21,"5":6,"6":15,"7":15,"8":15,"9":15,"10":0,"11":0,"12":15,"13":9,"14":9,"15":9,"16":9,"17":6,"18":7},"f":{"0":21},"b":{"0":[6,15],"1":[21,6],"2":[15,0]},"_coverageSchema":"1a1c01bbd47fc00a2c39e90264f33305004495a9","hash":"2cb8609244f6501195c40c23f271a10d08893e45"}
,"C:\\Users\\YouCode\\Desktop\\SeriousProjects\\CotiZen\\Server\\api\\middlewares\\index.js": {"path":"C:\\Users\\YouCode\\Desktop\\SeriousProjects\\CotiZen\\Server\\api\\middlewares\\index.js","statementMap":{"0":{"start":{"line":1,"column":22},"end":{"line":1,"column":39}},"1":{"start":{"line":3,"column":0},"end":{"line":5,"column":1}}},"fnMap":{},"branchMap":{},"s":{"0":7,"1":7},"f":{},"b":{},"_coverageSchema":"1a1c01bbd47fc00a2c39e90264f33305004495a9","hash":"0a2eec399cd5fae064c4cee5e460b04f579712c8"}
}
