TN:
SF:api\components\appartements\helper.js
FN:40,(anonymous_0)
FN:73,(anonymous_1)
FNF:2
FNH:0
FNDA:0,(anonymous_0)
FNDA:0,(anonymous_1)
DA:1,5
DA:2,5
DA:3,5
DA:4,5
DA:6,5
DA:17,5
DA:28,5
DA:40,5
DA:41,0
DA:42,0
DA:43,0
DA:49,0
DA:72,0
DA:74,0
DA:79,0
DA:80,0
DA:82,0
DA:91,0
DA:93,0
DA:97,5
LF:20
LH:9
BRF:0
BRH:0
end_of_record
TN:
SF:api\components\appartements\models\index.js
FN:41,(anonymous_0)
FN:46,(anonymous_1)
FNF:2
FNH:0
FNDA:0,(anonymous_0)
FNDA:0,(anonymous_1)
DA:1,5
DA:3,5
DA:5,5
DA:14,5
DA:41,5
DA:42,0
DA:46,0
DA:47,0
DA:49,0
DA:51,0
DA:54,5
LF:11
LH:6
BRF:0
BRH:0
end_of_record
TN:
SF:api\components\appartements\routes\index.js
FNF:0
FNH:0
DA:1,5
DA:2,5
DA:3,5
DA:5,5
DA:6,5
DA:7,5
DA:8,5
DA:9,5
DA:10,5
DA:11,5
DA:17,5
LF:11
LH:11
BRF:0
BRH:0
end_of_record
TN:
SF:api\components\appartements\services\AppartmentService.js
FN:9,(anonymous_0)
FN:39,(anonymous_1)
FN:61,(anonymous_2)
FN:72,(anonymous_3)
FN:168,(anonymous_4)
FN:230,(anonymous_5)
FN:246,(anonymous_6)
FN:263,(anonymous_7)
FNF:8
FNH:4
FNDA:0,(anonymous_0)
FNDA:0,(anonymous_1)
FNDA:0,(anonymous_2)
FNDA:2,(anonymous_3)
FNDA:1,(anonymous_4)
FNDA:3,(anonymous_5)
FNDA:2,(anonymous_6)
FNDA:0,(anonymous_7)
DA:1,5
DA:2,5
DA:3,5
DA:7,5
DA:9,5
DA:10,0
DA:11,0
DA:12,0
DA:14,0
DA:15,0
DA:16,0
DA:18,0
DA:19,0
DA:20,0
DA:22,0
DA:23,0
DA:25,0
DA:38,0
DA:40,0
DA:45,0
DA:52,0
DA:56,0
DA:57,0
DA:61,5
DA:62,0
DA:69,0
DA:72,5
DA:73,2
DA:77,2
DA:78,1
DA:81,1
DA:83,1
DA:84,1
DA:91,1
DA:93,1
DA:100,0
DA:168,5
DA:169,1
DA:170,1
DA:172,1
DA:173,1
DA:176,1
DA:178,0
DA:179,0
DA:180,0
DA:183,0
DA:184,0
DA:186,0
DA:187,0
DA:188,0
DA:190,0
DA:194,0
DA:195,0
DA:198,0
DA:199,0
DA:203,0
DA:209,0
DA:210,0
DA:212,0
DA:214,0
DA:217,0
DA:225,0
DA:226,0
DA:230,5
DA:231,3
DA:233,3
DA:234,3
DA:235,3
DA:236,2
DA:239,1
DA:241,0
DA:242,0
DA:246,5
DA:247,2
DA:249,2
DA:250,2
DA:252,2
DA:253,1
DA:256,1
DA:258,0
DA:259,0
DA:263,5
DA:264,0
DA:266,0
DA:267,0
DA:269,0
DA:271,0
DA:272,0
DA:274,0
DA:275,0
DA:278,0
DA:280,0
DA:281,0
DA:282,0
DA:283,0
DA:284,0
DA:285,0
DA:286,0
DA:289,0
DA:290,0
DA:291,0
DA:292,0
DA:296,0
DA:297,0
DA:298,0
DA:301,0
DA:302,0
DA:304,0
DA:305,0
DA:309,5
LF:110
LH:37
BRDA:10,0,0,0
BRDA:10,0,1,0
BRDA:11,1,0,0
BRDA:11,1,1,0
BRDA:12,2,0,0
BRDA:12,2,1,0
BRDA:19,3,0,0
BRDA:19,3,1,0
BRDA:22,4,0,0
BRDA:22,4,1,0
BRDA:77,5,0,1
BRDA:77,5,1,1
BRDA:176,6,0,1
BRDA:176,6,1,0
BRDA:179,7,0,0
BRDA:179,7,1,0
BRDA:186,8,0,0
BRDA:186,8,1,0
BRDA:186,9,0,0
BRDA:186,9,1,0
BRDA:187,10,0,0
BRDA:187,10,1,0
BRDA:187,11,0,0
BRDA:187,11,1,0
BRDA:190,12,0,0
BRDA:190,12,1,0
BRDA:191,13,0,0
BRDA:191,13,1,0
BRDA:194,14,0,0
BRDA:194,14,1,0
BRDA:194,15,0,0
BRDA:194,15,1,0
BRDA:199,16,0,0
BRDA:199,16,1,0
BRDA:200,17,0,0
BRDA:200,17,1,0
BRDA:235,18,0,2
BRDA:235,18,1,1
BRDA:252,19,0,1
BRDA:252,19,1,1
BRDA:266,20,0,0
BRDA:266,20,1,0
BRDA:274,21,0,0
BRDA:274,21,1,0
BRDA:278,22,0,0
BRDA:278,22,1,0
BRDA:282,23,0,0
BRDA:282,23,1,0
BRDA:284,24,0,0
BRDA:284,24,1,0
BRDA:285,25,0,0
BRDA:285,25,1,0
BRDA:290,26,0,0
BRDA:290,26,1,0
BRDA:291,27,0,0
BRDA:291,27,1,0
BRF:56
BRH:7
end_of_record
TN:
SF:api\components\appartements\services\index.js
FNF:0
FNH:0
DA:1,5
DA:3,5
LF:2
LH:2
BRF:0
BRH:0
end_of_record
TN:
SF:api\components\invoices\models\index.js
FN:26,(anonymous_0)
FNF:1
FNH:0
FNDA:0,(anonymous_0)
DA:1,7
DA:2,7
DA:4,7
DA:26,7
DA:27,0
DA:29,0
DA:32,7
DA:34,7
LF:8
LH:6
BRF:0
BRH:0
end_of_record
TN:
SF:api\components\payments\models\index.js
FNF:0
FNH:0
DA:1,5
DA:2,5
DA:4,5
DA:14,5
DA:16,5
LF:5
LH:5
BRF:0
BRH:0
end_of_record
TN:
SF:api\components\users\models\index.js
FN:20,(anonymous_0)
FN:26,(anonymous_1)
FNF:2
FNH:0
FNDA:0,(anonymous_0)
FNDA:0,(anonymous_1)
DA:1,2
DA:2,2
DA:4,2
DA:20,2
DA:21,0
DA:22,0
DA:23,0
DA:26,2
DA:27,0
DA:30,2
DA:31,2
LF:11
LH:7
BRF:0
BRH:0
end_of_record
TN:
SF:api\components\users\routes\index.js
FNF:0
FNH:0
DA:1,2
DA:2,2
DA:3,2
DA:5,2
DA:6,2
DA:7,2
DA:9,2
LF:7
LH:7
BRF:0
BRH:0
end_of_record
TN:
SF:api\components\users\services\authService.js
FN:5,(anonymous_0)
FN:54,(anonymous_1)
FN:58,(anonymous_2)
FNF:3
FNH:2
FNDA:4,(anonymous_0)
FNDA:1,(anonymous_1)
FNDA:0,(anonymous_2)
DA:1,2
DA:2,2
DA:3,2
DA:5,2
DA:6,4
DA:7,4
DA:8,1
DA:9,3
DA:10,3
DA:11,1
DA:15,2
DA:17,2
DA:18,1
DA:27,1
DA:32,1
DA:35,1
DA:38,1
DA:43,1
DA:49,1
DA:54,2
DA:55,1
DA:58,2
DA:59,0
DA:60,0
DA:61,0
DA:63,2
LF:26
LH:23
BRDA:7,0,0,1
BRDA:7,0,1,3
BRDA:7,1,0,4
BRDA:7,1,1,3
BRDA:10,2,0,1
BRDA:10,2,1,2
BRDA:17,3,0,1
BRDA:17,3,1,1
BRF:8
BRH:8
end_of_record
TN:
SF:api\components\users\services\index.js
FNF:0
FNH:0
DA:1,2
DA:3,2
LF:2
LH:2
BRF:0
BRH:0
end_of_record
TN:
SF:api\middlewares\auth.js
FN:3,(anonymous_0)
FNF:1
FNH:1
FNDA:21,(anonymous_0)
DA:1,7
DA:3,7
DA:4,21
DA:5,21
DA:7,21
DA:8,6
DA:11,15
DA:14,15
DA:15,15
DA:16,15
DA:18,0
DA:21,0
DA:28,15
DA:29,9
DA:39,9
DA:45,9
DA:46,9
DA:48,6
DA:52,7
LF:19
LH:17
BRDA:7,0,0,6
BRDA:7,0,1,15
BRDA:7,1,0,21
BRDA:7,1,1,6
BRDA:14,2,0,15
BRDA:14,2,1,0
BRF:6
BRH:5
end_of_record
TN:
SF:api\middlewares\index.js
FNF:0
FNH:0
DA:1,7
DA:3,7
LF:2
LH:2
BRF:0
BRH:0
end_of_record
